<?xml version="1.0" encoding="UTF-8"?>
<!-- Generated by org.testng.reporters.JUnitXMLReporter -->
<testsuite ignored="0" hostname="Arunthathi" failures="0" tests="7" name="Firefox Test" time="180.953" errors="0" timestamp="2025-10-03T11:35:33 IST">
  <testcase classname="testScript.LoginTest" name="verifyInValidUserNameInValidPasswordLoginCredentials" time="11.56"/>
  <testcase classname="testScript.HomeTest" name="verifyLogout" time="6.175"/>
  <testcase classname="testScript.LoginTest" name="verifyValidUserNamePasswordLoginCredentials" time="0.0">
    <skipped/>
  </testcase> <!-- verifyValidUserNamePasswordLoginCredentials -->
  <testcase classname="testScript.LoginTest" name="verifyValidUserNameInValidPasswordLoginCredentials" time="0.0">
    <skipped/>
  </testcase> <!-- verifyValidUserNameInValidPasswordLoginCredentials -->
  <testcase classname="testScript.LoginTest" name="verifyInValidUserNameValidPasswordLoginCredentials" time="0.0">
    <skipped/>
  </testcase> <!-- verifyInValidUserNameValidPasswordLoginCredentials -->
  <testcase classname="testScript.LoginTest" name="verifyInValidUserNameInValidPasswordLoginCredentials" time="0.0">
    <skipped/>
  </testcase> <!-- verifyInValidUserNameInValidPasswordLoginCredentials -->
  <testcase classname="testScript.LoginTest" name="verifyInValidUserNameInValidPasswordLoginCredentials" time="0.0">
    <skipped/>
  </testcase> <!-- verifyInValidUserNameInValidPasswordLoginCredentials -->
</testsuite> <!-- Firefox Test -->
