<?xml version="1.0" encoding="UTF-8"?>
<!-- Generated by org.testng.reporters.JUnitXMLReporter -->
<testsuite ignored="0" hostname="Arunthathi" failures="0" tests="7" name="Test" time="0.712" errors="0" timestamp="2025-10-03T12:25:15 IST">
  <testcase classname="base.TestNGBase" name="@BeforeMethod initializebrowser" time="0.027">
    <failure type="java.io.FileNotFoundException" message="C:\Users\arunt\git\GroceryApplication\GroceryApplication\src\test\resources\config.properties (The system cannot find the file specified)">
      <![CDATA[java.io.FileNotFoundException: C:\Users\arunt\git\GroceryApplication\GroceryApplication\src\test\resources\config.properties (The system cannot find the file specified)
at java.base/java.io.FileInputStream.open0(Native Method)
at java.base/java.io.FileInputStream.open(FileInputStream.java:216)
at java.base/java.io.FileInputStream.<init>(FileInputStream.java:157)
at java.base/java.io.FileInputStream.<init>(FileInputStream.java:111)
at base.TestNGBase.initializebrowser(TestNGBase.java:42)
at java.base/java.util.concurrent.Executors$RunnableAdapter.call(Executors.java:539)
at java.base/java.util.concurrent.FutureTask.run(FutureTask.java:264)
at java.base/java.util.concurrent.ThreadPoolExecutor.runWorker(ThreadPoolExecutor.java:1136)
at java.base/java.util.concurrent.ThreadPoolExecutor$Worker.run(ThreadPoolExecutor.java:635)
at java.base/java.lang.Thread.run(Thread.java:842)
... Removed 17 stack frames]]>
    </failure>
  </testcase> <!-- @BeforeMethod initializebrowser -->
  <testcase classname="base.TestNGBase" name="@BeforeMethod initializebrowser" time="0.027">
    <failure type="java.io.FileNotFoundException" message="C:\Users\arunt\git\GroceryApplication\GroceryApplication\src\test\resources\config.properties (The system cannot find the file specified)">
      <![CDATA[java.io.FileNotFoundException: C:\Users\arunt\git\GroceryApplication\GroceryApplication\src\test\resources\config.properties (The system cannot find the file specified)
at java.base/java.io.FileInputStream.open0(Native Method)
at java.base/java.io.FileInputStream.open(FileInputStream.java:216)
at java.base/java.io.FileInputStream.<init>(FileInputStream.java:157)
at java.base/java.io.FileInputStream.<init>(FileInputStream.java:111)
at base.TestNGBase.initializebrowser(TestNGBase.java:42)
at java.base/java.util.concurrent.Executors$RunnableAdapter.call(Executors.java:539)
at java.base/java.util.concurrent.FutureTask.run(FutureTask.java:264)
at java.base/java.util.concurrent.ThreadPoolExecutor.runWorker(ThreadPoolExecutor.java:1136)
at java.base/java.util.concurrent.ThreadPoolExecutor$Worker.run(ThreadPoolExecutor.java:635)
at java.base/java.lang.Thread.run(Thread.java:842)
... Removed 17 stack frames]]>
    </failure>
  </testcase> <!-- @BeforeMethod initializebrowser -->
  <testcase classname="base.TestNGBase" name="@BeforeMethod initializebrowser" time="0.031">
    <failure type="java.io.FileNotFoundException" message="C:\Users\arunt\git\GroceryApplication\GroceryApplication\src\test\resources\config.properties (The system cannot find the file specified)">
      <![CDATA[java.io.FileNotFoundException: C:\Users\arunt\git\GroceryApplication\GroceryApplication\src\test\resources\config.properties (The system cannot find the file specified)
at java.base/java.io.FileInputStream.open0(Native Method)
at java.base/java.io.FileInputStream.open(FileInputStream.java:216)
at java.base/java.io.FileInputStream.<init>(FileInputStream.java:157)
at java.base/java.io.FileInputStream.<init>(FileInputStream.java:111)
at base.TestNGBase.initializebrowser(TestNGBase.java:42)
at java.base/java.util.concurrent.Executors$RunnableAdapter.call(Executors.java:539)
at java.base/java.util.concurrent.FutureTask.run(FutureTask.java:264)
at java.base/java.util.concurrent.ThreadPoolExecutor.runWorker(ThreadPoolExecutor.java:1136)
at java.base/java.util.concurrent.ThreadPoolExecutor$Worker.run(ThreadPoolExecutor.java:635)
at java.base/java.lang.Thread.run(Thread.java:842)
... Removed 17 stack frames]]>
    </failure>
  </testcase> <!-- @BeforeMethod initializebrowser -->
  <testcase classname="base.TestNGBase" name="@BeforeMethod initializebrowser" time="0.029">
    <failure type="java.io.FileNotFoundException" message="C:\Users\arunt\git\GroceryApplication\GroceryApplication\src\test\resources\config.properties (The system cannot find the file specified)">
      <![CDATA[java.io.FileNotFoundException: C:\Users\arunt\git\GroceryApplication\GroceryApplication\src\test\resources\config.properties (The system cannot find the file specified)
at java.base/java.io.FileInputStream.open0(Native Method)
at java.base/java.io.FileInputStream.open(FileInputStream.java:216)
at java.base/java.io.FileInputStream.<init>(FileInputStream.java:157)
at java.base/java.io.FileInputStream.<init>(FileInputStream.java:111)
at base.TestNGBase.initializebrowser(TestNGBase.java:42)
at java.base/java.util.concurrent.Executors$RunnableAdapter.call(Executors.java:539)
at java.base/java.util.concurrent.FutureTask.run(FutureTask.java:264)
at java.base/java.util.concurrent.ThreadPoolExecutor.runWorker(ThreadPoolExecutor.java:1136)
at java.base/java.util.concurrent.ThreadPoolExecutor$Worker.run(ThreadPoolExecutor.java:635)
at java.base/java.lang.Thread.run(Thread.java:842)
... Removed 17 stack frames]]>
    </failure>
  </testcase> <!-- @BeforeMethod initializebrowser -->
  <testcase classname="base.TestNGBase" name="@BeforeMethod initializebrowser" time="0.031">
    <failure type="java.io.FileNotFoundException" message="C:\Users\arunt\git\GroceryApplication\GroceryApplication\src\test\resources\config.properties (The system cannot find the file specified)">
      <![CDATA[java.io.FileNotFoundException: C:\Users\arunt\git\GroceryApplication\GroceryApplication\src\test\resources\config.properties (The system cannot find the file specified)
at java.base/java.io.FileInputStream.open0(Native Method)
at java.base/java.io.FileInputStream.open(FileInputStream.java:216)
at java.base/java.io.FileInputStream.<init>(FileInputStream.java:157)
at java.base/java.io.FileInputStream.<init>(FileInputStream.java:111)
at base.TestNGBase.initializebrowser(TestNGBase.java:42)
at java.base/java.util.concurrent.Executors$RunnableAdapter.call(Executors.java:539)
at java.base/java.util.concurrent.FutureTask.run(FutureTask.java:264)
at java.base/java.util.concurrent.ThreadPoolExecutor.runWorker(ThreadPoolExecutor.java:1136)
at java.base/java.util.concurrent.ThreadPoolExecutor$Worker.run(ThreadPoolExecutor.java:635)
at java.base/java.lang.Thread.run(Thread.java:842)
... Removed 17 stack frames]]>
    </failure>
  </testcase> <!-- @BeforeMethod initializebrowser -->
  <testcase classname="base.TestNGBase" name="@AfterMethod browserclose" time="0.0">
    <skipped/>
  </testcase> <!-- @AfterMethod browserclose -->
  <testcase classname="base.TestNGBase" name="@AfterMethod browserclose" time="0.0">
    <skipped/>
  </testcase> <!-- @AfterMethod browserclose -->
  <testcase classname="base.TestNGBase" name="@AfterMethod browserclose" time="0.0">
    <skipped/>
  </testcase> <!-- @AfterMethod browserclose -->
  <testcase classname="base.TestNGBase" name="@AfterMethod browserclose" time="0.0">
    <skipped/>
  </testcase> <!-- @AfterMethod browserclose -->
  <testcase classname="base.TestNGBase" name="@AfterMethod browserclose" time="0.0">
    <skipped/>
  </testcase> <!-- @AfterMethod browserclose -->
  <testcase classname="base.TestNGBase" name="@AfterMethod driverQuit" time="0.01">
    <failure type="java.lang.NullPointerException" message="Cannot invoke &amp;quot;org.openqa.selenium.WebDriver.quit()&amp;quot; because &amp;quot;this.driver&amp;quot; is null">
      <![CDATA[java.lang.NullPointerException: Cannot invoke "org.openqa.selenium.WebDriver.quit()" because "this.driver" is null
at base.TestNGBase.driverQuit(TestNGBase.java:82)
at java.base/java.util.concurrent.Executors$RunnableAdapter.call(Executors.java:539)
at java.base/java.util.concurrent.FutureTask.run(FutureTask.java:264)
at java.base/java.util.concurrent.ThreadPoolExecutor.runWorker(ThreadPoolExecutor.java:1136)
at java.base/java.util.concurrent.ThreadPoolExecutor$Worker.run(ThreadPoolExecutor.java:635)
at java.base/java.lang.Thread.run(Thread.java:842)
... Removed 18 stack frames]]>
    </failure>
  </testcase> <!-- @AfterMethod driverQuit -->
  <testcase classname="base.TestNGBase" name="@AfterMethod driverQuit" time="0.011">
    <failure type="java.lang.NullPointerException" message="Cannot invoke &amp;quot;org.openqa.selenium.WebDriver.quit()&amp;quot; because &amp;quot;this.driver&amp;quot; is null">
      <![CDATA[java.lang.NullPointerException: Cannot invoke "org.openqa.selenium.WebDriver.quit()" because "this.driver" is null
at base.TestNGBase.driverQuit(TestNGBase.java:82)
at java.base/java.util.concurrent.Executors$RunnableAdapter.call(Executors.java:539)
at java.base/java.util.concurrent.FutureTask.run(FutureTask.java:264)
at java.base/java.util.concurrent.ThreadPoolExecutor.runWorker(ThreadPoolExecutor.java:1136)
at java.base/java.util.concurrent.ThreadPoolExecutor$Worker.run(ThreadPoolExecutor.java:635)
at java.base/java.lang.Thread.run(Thread.java:842)
... Removed 18 stack frames]]>
    </failure>
  </testcase> <!-- @AfterMethod driverQuit -->
  <testcase classname="base.TestNGBase" name="@AfterMethod driverQuit" time="0.004">
    <failure type="java.lang.NullPointerException" message="Cannot invoke &amp;quot;org.openqa.selenium.WebDriver.quit()&amp;quot; because &amp;quot;this.driver&amp;quot; is null">
      <![CDATA[java.lang.NullPointerException: Cannot invoke "org.openqa.selenium.WebDriver.quit()" because "this.driver" is null
at base.TestNGBase.driverQuit(TestNGBase.java:82)
at java.base/java.util.concurrent.Executors$RunnableAdapter.call(Executors.java:539)
at java.base/java.util.concurrent.FutureTask.run(FutureTask.java:264)
at java.base/java.util.concurrent.ThreadPoolExecutor.runWorker(ThreadPoolExecutor.java:1136)
at java.base/java.util.concurrent.ThreadPoolExecutor$Worker.run(ThreadPoolExecutor.java:635)
at java.base/java.lang.Thread.run(Thread.java:842)
... Removed 18 stack frames]]>
    </failure>
  </testcase> <!-- @AfterMethod driverQuit -->
  <testcase classname="base.TestNGBase" name="@AfterMethod driverQuit" time="0.003">
    <failure type="java.lang.NullPointerException" message="Cannot invoke &amp;quot;org.openqa.selenium.WebDriver.quit()&amp;quot; because &amp;quot;this.driver&amp;quot; is null">
      <![CDATA[java.lang.NullPointerException: Cannot invoke "org.openqa.selenium.WebDriver.quit()" because "this.driver" is null
at base.TestNGBase.driverQuit(TestNGBase.java:82)
at java.base/java.util.concurrent.Executors$RunnableAdapter.call(Executors.java:539)
at java.base/java.util.concurrent.FutureTask.run(FutureTask.java:264)
at java.base/java.util.concurrent.ThreadPoolExecutor.runWorker(ThreadPoolExecutor.java:1136)
at java.base/java.util.concurrent.ThreadPoolExecutor$Worker.run(ThreadPoolExecutor.java:635)
at java.base/java.lang.Thread.run(Thread.java:842)
... Removed 18 stack frames]]>
    </failure>
  </testcase> <!-- @AfterMethod driverQuit -->
  <testcase classname="base.TestNGBase" name="@AfterMethod driverQuit" time="0.009">
    <failure type="java.lang.NullPointerException" message="Cannot invoke &amp;quot;org.openqa.selenium.WebDriver.quit()&amp;quot; because &amp;quot;this.driver&amp;quot; is null">
      <![CDATA[java.lang.NullPointerException: Cannot invoke "org.openqa.selenium.WebDriver.quit()" because "this.driver" is null
at base.TestNGBase.driverQuit(TestNGBase.java:82)
at java.base/java.util.concurrent.Executors$RunnableAdapter.call(Executors.java:539)
at java.base/java.util.concurrent.FutureTask.run(FutureTask.java:264)
at java.base/java.util.concurrent.ThreadPoolExecutor.runWorker(ThreadPoolExecutor.java:1136)
at java.base/java.util.concurrent.ThreadPoolExecutor$Worker.run(ThreadPoolExecutor.java:635)
at java.base/java.lang.Thread.run(Thread.java:842)
... Removed 18 stack frames]]>
    </failure>
  </testcase> <!-- @AfterMethod driverQuit -->
  <testcase classname="base.TestNGBase" name="@BeforeMethod initializebrowser" time="0.004">
    <failure type="java.io.FileNotFoundException" message="C:\Users\arunt\git\GroceryApplication\GroceryApplication\src\test\resources\config.properties (The system cannot find the file specified)">
      <![CDATA[java.io.FileNotFoundException: C:\Users\arunt\git\GroceryApplication\GroceryApplication\src\test\resources\config.properties (The system cannot find the file specified)
at java.base/java.io.FileInputStream.open0(Native Method)
at java.base/java.io.FileInputStream.open(FileInputStream.java:216)
at java.base/java.io.FileInputStream.<init>(FileInputStream.java:157)
at java.base/java.io.FileInputStream.<init>(FileInputStream.java:111)
at base.TestNGBase.initializebrowser(TestNGBase.java:42)
at java.base/java.util.concurrent.Executors$RunnableAdapter.call(Executors.java:539)
at java.base/java.util.concurrent.FutureTask.run(FutureTask.java:264)
at java.base/java.util.concurrent.ThreadPoolExecutor.runWorker(ThreadPoolExecutor.java:1136)
at java.base/java.util.concurrent.ThreadPoolExecutor$Worker.run(ThreadPoolExecutor.java:635)
at java.base/java.lang.Thread.run(Thread.java:842)
... Removed 17 stack frames]]>
    </failure>
  </testcase> <!-- @BeforeMethod initializebrowser -->
  <testcase classname="base.TestNGBase" name="@AfterMethod browserclose" time="0.0">
    <skipped/>
  </testcase> <!-- @AfterMethod browserclose -->
  <testcase classname="base.TestNGBase" name="@AfterMethod driverQuit" time="0.001">
    <failure type="java.lang.NullPointerException" message="Cannot invoke &amp;quot;org.openqa.selenium.WebDriver.quit()&amp;quot; because &amp;quot;this.driver&amp;quot; is null">
      <![CDATA[java.lang.NullPointerException: Cannot invoke "org.openqa.selenium.WebDriver.quit()" because "this.driver" is null
at base.TestNGBase.driverQuit(TestNGBase.java:82)
at java.base/java.util.concurrent.Executors$RunnableAdapter.call(Executors.java:539)
at java.base/java.util.concurrent.FutureTask.run(FutureTask.java:264)
at java.base/java.util.concurrent.ThreadPoolExecutor.runWorker(ThreadPoolExecutor.java:1136)
at java.base/java.util.concurrent.ThreadPoolExecutor$Worker.run(ThreadPoolExecutor.java:635)
at java.base/java.lang.Thread.run(Thread.java:842)
... Removed 18 stack frames]]>
    </failure>
  </testcase> <!-- @AfterMethod driverQuit -->
  <testcase classname="base.TestNGBase" name="@BeforeMethod initializebrowser" time="0.005">
    <failure type="java.io.FileNotFoundException" message="C:\Users\arunt\git\GroceryApplication\GroceryApplication\src\test\resources\config.properties (The system cannot find the file specified)">
      <![CDATA[java.io.FileNotFoundException: C:\Users\arunt\git\GroceryApplication\GroceryApplication\src\test\resources\config.properties (The system cannot find the file specified)
at java.base/java.io.FileInputStream.open0(Native Method)
at java.base/java.io.FileInputStream.open(FileInputStream.java:216)
at java.base/java.io.FileInputStream.<init>(FileInputStream.java:157)
at java.base/java.io.FileInputStream.<init>(FileInputStream.java:111)
at base.TestNGBase.initializebrowser(TestNGBase.java:42)
at java.base/java.util.concurrent.Executors$RunnableAdapter.call(Executors.java:539)
at java.base/java.util.concurrent.FutureTask.run(FutureTask.java:264)
at java.base/java.util.concurrent.ThreadPoolExecutor.runWorker(ThreadPoolExecutor.java:1136)
at java.base/java.util.concurrent.ThreadPoolExecutor$Worker.run(ThreadPoolExecutor.java:635)
at java.base/java.lang.Thread.run(Thread.java:842)
... Removed 17 stack frames]]>
    </failure>
  </testcase> <!-- @BeforeMethod initializebrowser -->
  <testcase classname="base.TestNGBase" name="@AfterMethod browserclose" time="0.0">
    <skipped/>
  </testcase> <!-- @AfterMethod browserclose -->
  <testcase classname="base.TestNGBase" name="@AfterMethod driverQuit" time="0.001">
    <failure type="java.lang.NullPointerException" message="Cannot invoke &amp;quot;org.openqa.selenium.WebDriver.quit()&amp;quot; because &amp;quot;this.driver&amp;quot; is null">
      <![CDATA[java.lang.NullPointerException: Cannot invoke "org.openqa.selenium.WebDriver.quit()" because "this.driver" is null
at base.TestNGBase.driverQuit(TestNGBase.java:82)
at java.base/java.util.concurrent.Executors$RunnableAdapter.call(Executors.java:539)
at java.base/java.util.concurrent.FutureTask.run(FutureTask.java:264)
at java.base/java.util.concurrent.ThreadPoolExecutor.runWorker(ThreadPoolExecutor.java:1136)
at java.base/java.util.concurrent.ThreadPoolExecutor$Worker.run(ThreadPoolExecutor.java:635)
at java.base/java.lang.Thread.run(Thread.java:842)
... Removed 18 stack frames]]>
    </failure>
  </testcase> <!-- @AfterMethod driverQuit -->
  <testcase classname="testScript.LoginTest" name="verifyValidUserNamePasswordLoginCredentials" time="0.016">
    <skipped/>
  </testcase> <!-- verifyValidUserNamePasswordLoginCredentials -->
  <testcase classname="testScript.LoginTest" name="verifyInValidUserNameInValidPasswordLoginCredentials" time="0.0">
    <skipped/>
  </testcase> <!-- verifyInValidUserNameInValidPasswordLoginCredentials -->
  <testcase classname="testScript.LoginTest" name="verifyInValidUserNameValidPasswordLoginCredentials" time="0.0">
    <skipped/>
  </testcase> <!-- verifyInValidUserNameValidPasswordLoginCredentials -->
  <testcase classname="testScript.LoginTest" name="verifyValidUserNameInValidPasswordLoginCredentials" time="0.0">
    <skipped/>
  </testcase> <!-- verifyValidUserNameInValidPasswordLoginCredentials -->
  <testcase classname="testScript.HomeTest" name="verifyLogout" time="0.001">
    <skipped/>
  </testcase> <!-- verifyLogout -->
  <testcase classname="testScript.LoginTest" name="verifyInValidUserNameInValidPasswordLoginCredentials" time="0.002">
    <skipped/>
  </testcase> <!-- verifyInValidUserNameInValidPasswordLoginCredentials -->
  <testcase classname="testScript.LoginTest" name="verifyInValidUserNameInValidPasswordLoginCredentials" time="0.0">
    <skipped/>
  </testcase> <!-- verifyInValidUserNameInValidPasswordLoginCredentials -->
</testsuite> <!-- Test -->
