<?xml version="1.0" encoding="UTF-8"?>
<!-- Generated by org.testng.reporters.JUnitXMLReporter -->
<testsuite ignored="0" hostname="Arunthathi" failures="0" tests="7" name="Test" time="49.478" errors="0" timestamp="2025-10-03T13:32:14 IST">
  <testcase classname="testScript.HomeTest" name="verifyLogout" time="5.804"/>
  <testcase classname="testScript.LoginTest" name="verifyValidUserNamePasswordLoginCredentials" time="2.003"/>
  <testcase classname="testScript.LoginTest" name="verifyInValidUserNameValidPasswordLoginCredentials" time="1.287"/>
  <testcase classname="testScript.LoginTest" name="verifyValidUserNameInValidPasswordLoginCredentials" time="1.43"/>
  <testcase classname="testScript.LoginTest" name="verifyInValidUserNameInValidPasswordLoginCredentials" time="1.176"/>
  <testcase classname="testScript.LoginTest" name="verifyInValidUserNameInValidPasswordLoginCredentials" time="1.471"/>
  <testcase classname="testScript.LoginTest" name="verifyInValidUserNameInValidPasswordLoginCredentials" time="1.389"/>
</testsuite> <!-- Test -->
