<?xml version="1.0" encoding="UTF-8"?>
<!-- Generated by org.testng.reporters.JUnitXMLReporter -->
<testsuite ignored="1" hostname="Arunthathi" failures="1" tests="8" name="Test" time="5.151" errors="0" timestamp="2025-09-30T11:12:15 IST">
  <testcase classname="base.TestNGBase" name="@AfterMethod driverQuit" time="0.031">
    <failure type="java.lang.NullPointerException" message="Cannot invoke &amp;quot;org.openqa.selenium.WebDriver.quit()&amp;quot; because &amp;quot;this.driver&amp;quot; is null">
      <![CDATA[java.lang.NullPointerException: Cannot invoke "org.openqa.selenium.WebDriver.quit()" because "this.driver" is null
at base.TestNGBase.driverQuit(TestNGBase.java:52)
at java.base/java.util.ArrayList.forEach(ArrayList.java:1511)
... Removed 32 stack frames]]>
    </failure>
  </testcase> <!-- @AfterMethod driverQuit -->
  <testcase classname="base.TestNGBase" name="@AfterMethod driverQuit" time="0.003">
    <failure type="java.lang.NullPointerException" message="Cannot invoke &amp;quot;org.openqa.selenium.WebDriver.quit()&amp;quot; because &amp;quot;this.driver&amp;quot; is null">
      <![CDATA[java.lang.NullPointerException: Cannot invoke "org.openqa.selenium.WebDriver.quit()" because "this.driver" is null
at base.TestNGBase.driverQuit(TestNGBase.java:52)
at java.base/java.util.ArrayList.forEach(ArrayList.java:1511)
... Removed 32 stack frames]]>
    </failure>
  </testcase> <!-- @AfterMethod driverQuit -->
  <testcase classname="base.TestNGBase" name="@AfterMethod driverQuit" time="0.015">
    <failure type="java.lang.NullPointerException" message="Cannot invoke &amp;quot;org.openqa.selenium.TakesScreenshot.getScreenshotAs(org.openqa.selenium.OutputType)&amp;quot; because &amp;quot;scrShot&amp;quot; is null">
      <![CDATA[java.lang.NullPointerException: Cannot invoke "org.openqa.selenium.TakesScreenshot.getScreenshotAs(org.openqa.selenium.OutputType)" because "scrShot" is null
at utilities.ScreenshotUtility.getScreenshot(ScreenshotUtility.java:18)
at base.TestNGBase.driverQuit(TestNGBase.java:50)
at java.base/java.util.ArrayList.forEach(ArrayList.java:1511)
... Removed 32 stack frames]]>
    </failure>
  </testcase> <!-- @AfterMethod driverQuit -->
  <testcase classname="base.TestNGBase" name="@AfterMethod driverQuit" time="0.003">
    <failure type="java.lang.NullPointerException" message="Cannot invoke &amp;quot;org.openqa.selenium.WebDriver.quit()&amp;quot; because &amp;quot;this.driver&amp;quot; is null">
      <![CDATA[java.lang.NullPointerException: Cannot invoke "org.openqa.selenium.WebDriver.quit()" because "this.driver" is null
at base.TestNGBase.driverQuit(TestNGBase.java:52)
at java.base/java.util.ArrayList.forEach(ArrayList.java:1511)
... Removed 32 stack frames]]>
    </failure>
  </testcase> <!-- @AfterMethod driverQuit -->
  <testcase classname="base.TestNGBase" name="@AfterMethod driverQuit" time="0.001">
    <failure type="java.lang.NullPointerException" message="Cannot invoke &amp;quot;org.openqa.selenium.WebDriver.quit()&amp;quot; because &amp;quot;this.driver&amp;quot; is null">
      <![CDATA[java.lang.NullPointerException: Cannot invoke "org.openqa.selenium.WebDriver.quit()" because "this.driver" is null
at base.TestNGBase.driverQuit(TestNGBase.java:52)
at java.base/java.util.ArrayList.forEach(ArrayList.java:1511)
... Removed 32 stack frames]]>
    </failure>
  </testcase> <!-- @AfterMethod driverQuit -->
  <testcase classname="base.TestNGBase" name="@AfterMethod driverQuit" time="0.029">
    <failure type="java.lang.NullPointerException" message="Cannot invoke &amp;quot;org.openqa.selenium.WebDriver.quit()&amp;quot; because &amp;quot;this.driver&amp;quot; is null">
      <![CDATA[java.lang.NullPointerException: Cannot invoke "org.openqa.selenium.WebDriver.quit()" because "this.driver" is null
at base.TestNGBase.driverQuit(TestNGBase.java:52)
at java.base/java.util.ArrayList.forEach(ArrayList.java:1511)
... Removed 32 stack frames]]>
    </failure>
  </testcase> <!-- @AfterMethod driverQuit -->
  <testcase classname="base.TestNGBase" name="@AfterMethod driverQuit" time="0.0">
    <failure type="java.lang.NullPointerException" message="Cannot invoke &amp;quot;org.openqa.selenium.WebDriver.quit()&amp;quot; because &amp;quot;this.driver&amp;quot; is null">
      <![CDATA[java.lang.NullPointerException: Cannot invoke "org.openqa.selenium.WebDriver.quit()" because "this.driver" is null
at base.TestNGBase.driverQuit(TestNGBase.java:52)
at java.base/java.util.ArrayList.forEach(ArrayList.java:1511)
... Removed 32 stack frames]]>
    </failure>
  </testcase> <!-- @AfterMethod driverQuit -->
  <testcase classname="base.TestNGBase" name="@AfterMethod driverQuit" time="0.0">
    <failure type="java.lang.NullPointerException" message="Cannot invoke &amp;quot;org.openqa.selenium.WebDriver.quit()&amp;quot; because &amp;quot;this.driver&amp;quot; is null">
      <![CDATA[java.lang.NullPointerException: Cannot invoke "org.openqa.selenium.WebDriver.quit()" because "this.driver" is null
at base.TestNGBase.driverQuit(TestNGBase.java:52)
at java.base/java.util.ArrayList.forEach(ArrayList.java:1511)
... Removed 32 stack frames]]>
    </failure>
  </testcase> <!-- @AfterMethod driverQuit -->
  <testcase classname="testScript.LoginTest" name="verifyValidUserNamePasswordLoginCredentials" time="3.48">
    <skipped/>
  </testcase> <!-- verifyValidUserNamePasswordLoginCredentials -->
  <testcase classname="testScript.LoginTest" name="verifyValidUserNamePasswordLoginCredentials" time="0.387">
    <skipped/>
  </testcase> <!-- verifyValidUserNamePasswordLoginCredentials -->
  <testcase classname="testScript.LoginTest" name="verifyValidUserNamePasswordLoginCredentials" time="0.341">
    <failure type="java.lang.NullPointerException" message="Cannot invoke &amp;quot;org.openqa.selenium.SearchContext.findElement(org.openqa.selenium.By)&amp;quot; because &amp;quot;this.searchContext&amp;quot; is null">
      <![CDATA[java.lang.NullPointerException: Cannot invoke "org.openqa.selenium.SearchContext.findElement(org.openqa.selenium.By)" because "this.searchContext" is null
at org.openqa.selenium.support.pagefactory.DefaultElementLocator.findElement(DefaultElementLocator.java:68)
at org.openqa.selenium.support.pagefactory.internal.LocatingElementHandler.invoke(LocatingElementHandler.java:38)
at jdk.proxy2/jdk.proxy2.$Proxy12.isDisplayed(Unknown Source)
at org.openqa.selenium.support.ui.ExpectedConditions.elementIfVisible(ExpectedConditions.java:304)
at org.openqa.selenium.support.ui.ExpectedConditions$10.apply(ExpectedConditions.java:290)
at org.openqa.selenium.support.ui.ExpectedConditions$10.apply(ExpectedConditions.java:287)
at org.openqa.selenium.support.ui.FluentWait.until(FluentWait.java:203)
at utilities.WaitUtility.waitUntilElementIsVisible(WaitUtility.java:48)
at pages.LoginPage.enterUserName(LoginPage.java:29)
at testScript.LoginTest.verifyValidUserNamePasswordLoginCredentials(LoginTest.java:27)
at java.base/java.util.ArrayList.forEach(ArrayList.java:1511)
... Removed 27 stack frames]]>
    </failure>
  </testcase> <!-- verifyValidUserNamePasswordLoginCredentials -->
  <testcase classname="testScript.LoginTest" name="verifyInValidUserNameValidPasswordLoginCredentials" time="0.001">
    <skipped/>
  </testcase> <!-- verifyInValidUserNameValidPasswordLoginCredentials -->
  <testcase classname="testScript.LoginTest" name="verifyValidUserNameInValidPasswordLoginCredentials" time="0.0">
    <skipped/>
  </testcase> <!-- verifyValidUserNameInValidPasswordLoginCredentials -->
  <testcase classname="testScript.LoginTest" name="verifyInValidUserNameInValidPasswordLoginCredentials" time="0.002">
    <skipped/>
  </testcase> <!-- verifyInValidUserNameInValidPasswordLoginCredentials -->
  <testcase classname="testScript.LoginTest" name="verifyInValidUserNameInValidPasswordLoginCredentials" time="0.0">
    <skipped/>
  </testcase> <!-- verifyInValidUserNameInValidPasswordLoginCredentials -->
  <testcase classname="testScript.LoginTest" name="verifyInValidUserNameInValidPasswordLoginCredentials" time="0.0">
    <skipped/>
  </testcase> <!-- verifyInValidUserNameInValidPasswordLoginCredentials -->
  <testcase classname="testScript.HomeTest" name="verifyLogout" time="0.0">
    <ignored/>
  </testcase> <!-- verifyLogout -->
</testsuite> <!-- Test -->
