<?xml version="1.0" encoding="UTF-8"?>
<!-- Generated by org.testng.reporters.JUnitXMLReporter -->
<testsuite ignored="3" hostname="Arunthathi" failures="0" tests="7" name="Test" time="76.037" errors="0" timestamp="2025-10-09T11:45:12 IST">
  <testcase classname="testScript.HomeTest" name="verifyLogout" time="5.741"/>
  <testcase classname="testScript.LoginTest" name="verifyValidUserNamePasswordLoginCredentials" time="1.73"/>
  <testcase classname="testScript.AdminTest" name="verifyresetUser" time="4.782"/>
  <testcase classname="testScript.AdminTest" name="verifyAddUser" time="7.969"/>
  <testcase classname="testScript.AdminTest" name="verifysearchUser" time="6.394"/>
  <testcase classname="testScript.NewsTest" name="verifyAddNews" time="6.462"/>
  <testcase classname="testScript.NewsTest" name="verifyReturnHomePage" time="3.467"/>
  <testcase classname="testScript.LoginTest" name="verifyValidUserNameInValidPasswordLoginCredentials" time="0.0">
    <ignored/>
  </testcase> <!-- verifyValidUserNameInValidPasswordLoginCredentials -->
  <testcase classname="testScript.LoginTest" name="verifyInValidUserNameValidPasswordLoginCredentials" time="0.0">
    <ignored/>
  </testcase> <!-- verifyInValidUserNameValidPasswordLoginCredentials -->
  <testcase classname="testScript.LoginTest" name="verifyInValidUserNameInValidPasswordLoginCredentials" time="0.0">
    <ignored/>
  </testcase> <!-- verifyInValidUserNameInValidPasswordLoginCredentials -->
</testsuite> <!-- Test -->
