<?xml version="1.0" encoding="UTF-8"?>
<testng-results ignored="0" total="2" passed="2" failed="0" skipped="0">
  <reporter-output>
  </reporter-output>
  <suite started-at="2025-10-09T11:46:37 IST" name="Cross-Browser Testing" finished-at="2025-10-09T11:47:08 IST" duration-ms="30766">
    <groups>
      <group name="smoke">
        <method signature="HomeTest.verifyLogout()[pri:0, instance:testScript.HomeTest@20b2475a]" name="verifyLogout" class="testScript.HomeTest"/>
        <method signature="HomeTest.verifyLogout()[pri:0, instance:testScript.HomeTest@61710c6]" name="verifyLogout" class="testScript.HomeTest"/>
      </group> <!-- smoke -->
    </groups>
    <test started-at="2025-10-09T11:46:37 IST" name="Chrome Test" finished-at="2025-10-09T11:46:51 IST" duration-ms="13741">
      <class name="testScript.HomeTest">
        <test-method is-config="true" signature="initializebrowser(java.lang.String)[pri:0, instance:testScript.HomeTest@20b2475a]" started-at="2025-10-09T11:46:37 IST" name="initializebrowser" finished-at="2025-10-09T11:46:43 IST" duration-ms="6152" status="PASS">
          <params>
            <param index="0">
              <value>
                <![CDATA[chrome]]>
              </value>
            </param>
          </params>
          <reporter-output>
          </reporter-output>
        </test-method> <!-- initializebrowser -->
        <test-method signature="verifyLogout()[pri:0, instance:testScript.HomeTest@20b2475a]" started-at="2025-10-09T11:46:43 IST" name="verifyLogout" description="verify the logout" finished-at="2025-10-09T11:46:49 IST" duration-ms="6162" status="PASS">
          <reporter-output>
          </reporter-output>
        </test-method> <!-- verifyLogout -->
        <test-method is-config="true" signature="browserclose()[pri:0, instance:testScript.HomeTest@20b2475a]" started-at="2025-10-09T11:46:49 IST" name="browserclose" finished-at="2025-10-09T11:46:51 IST" duration-ms="1209" status="PASS">
          <reporter-output>
          </reporter-output>
        </test-method> <!-- browserclose -->
        <test-method is-config="true" signature="driverQuit(org.testng.ITestResult)[pri:0, instance:testScript.HomeTest@20b2475a]" started-at="2025-10-09T11:46:51 IST" name="driverQuit" finished-at="2025-10-09T11:46:51 IST" duration-ms="2" status="PASS">
          <params>
            <param index="0">
              <value>
                <![CDATA[[TestResult name=verifyLogout status=SUCCESS method=HomeTest.verifyLogout()[pri:0, instance:testScript.HomeTest@20b2475a] output={null}]]]>
              </value>
            </param>
          </params>
          <reporter-output>
          </reporter-output>
        </test-method> <!-- driverQuit -->
      </class> <!-- testScript.HomeTest -->
    </test> <!-- Chrome Test -->
    <test started-at="2025-10-09T11:46:52 IST" name="Firefox Test" finished-at="2025-10-09T11:47:08 IST" duration-ms="15804">
      <class name="testScript.HomeTest">
        <test-method is-config="true" signature="initializebrowser(java.lang.String)[pri:0, instance:testScript.HomeTest@61710c6]" started-at="2025-10-09T11:46:52 IST" name="initializebrowser" finished-at="2025-10-09T11:47:01 IST" duration-ms="9540" status="PASS">
          <params>
            <param index="0">
              <value>
                <![CDATA[firefox]]>
              </value>
            </param>
          </params>
          <reporter-output>
          </reporter-output>
        </test-method> <!-- initializebrowser -->
        <test-method signature="verifyLogout()[pri:0, instance:testScript.HomeTest@61710c6]" started-at="2025-10-09T11:47:01 IST" name="verifyLogout" description="verify the logout" finished-at="2025-10-09T11:47:06 IST" duration-ms="4157" status="PASS">
          <reporter-output>
          </reporter-output>
        </test-method> <!-- verifyLogout -->
        <test-method is-config="true" signature="browserclose()[pri:0, instance:testScript.HomeTest@61710c6]" started-at="2025-10-09T11:47:06 IST" name="browserclose" finished-at="2025-10-09T11:47:08 IST" duration-ms="2082" status="FAIL">
          <exception class="org.openqa.selenium.NoSuchSessionException">
            <message>
              <![CDATA[Tried to run command without establishing a connection
Build info: version: '4.31.0', revision: '1ef9f18787*'
System info: os.name: 'Windows 11', os.arch: 'amd64', os.version: '10.0', java.version: '17.0.16'
Driver info: org.openqa.selenium.firefox.FirefoxDriver
Command: [2addb1c9-cd60-4dea-9cb5-aaa78cd5ef37, quit {}]
Capabilities {acceptInsecureCerts: true, browserName: firefox, browserVersion: 143.0.4, moz:accessibilityChecks: false, moz:buildID: 20251003115653, moz:geckodriverVersion: 0.36.0, moz:headless: false, moz:platformVersion: 10.0, moz:processID: 13972, moz:profile: C:\Users\arunt\AppData\Loca..., moz:shutdownTimeout: 60000, moz:webdriverClick: true, moz:windowless: false, pageLoadStrategy: normal, platformName: windows, proxy: Proxy(), setWindowRect: true, strictFileInteractability: false, timeouts: {implicit: 0, pageLoad: 300000, script: 30000}, unhandledPromptBehavior: dismiss and notify, userAgent: Mozilla/5.0 (Windows NT 10....}
Session ID: 2addb1c9-cd60-4dea-9cb5-aaa78cd5ef37]]>
            </message>
            <full-stacktrace>
              <![CDATA[org.openqa.selenium.NoSuchSessionException: Tried to run command without establishing a connection
Build info: version: '4.31.0', revision: '1ef9f18787*'
System info: os.name: 'Windows 11', os.arch: 'amd64', os.version: '10.0', java.version: '17.0.16'
Driver info: org.openqa.selenium.firefox.FirefoxDriver
Command: [2addb1c9-cd60-4dea-9cb5-aaa78cd5ef37, quit {}]
Capabilities {acceptInsecureCerts: true, browserName: firefox, browserVersion: 143.0.4, moz:accessibilityChecks: false, moz:buildID: 20251003115653, moz:geckodriverVersion: 0.36.0, moz:headless: false, moz:platformVersion: 10.0, moz:processID: 13972, moz:profile: C:\Users\arunt\AppData\Loca..., moz:shutdownTimeout: 60000, moz:webdriverClick: true, moz:windowless: false, pageLoadStrategy: normal, platformName: windows, proxy: Proxy(), setWindowRect: true, strictFileInteractability: false, timeouts: {implicit: 0, pageLoad: 300000, script: 30000}, unhandledPromptBehavior: dismiss and notify, userAgent: Mozilla/5.0 (Windows NT 10....}
Session ID: 2addb1c9-cd60-4dea-9cb5-aaa78cd5ef37
at java.base/jdk.internal.reflect.NativeConstructorAccessorImpl.newInstance0(Native Method)
at java.base/jdk.internal.reflect.NativeConstructorAccessorImpl.newInstance(NativeConstructorAccessorImpl.java:77)
at java.base/jdk.internal.reflect.DelegatingConstructorAccessorImpl.newInstance(DelegatingConstructorAccessorImpl.java:45)
at java.base/java.lang.reflect.Constructor.newInstanceWithCaller(Constructor.java:499)
at java.base/java.lang.reflect.Constructor.newInstance(Constructor.java:480)
at org.openqa.selenium.remote.ErrorCodec.decode(ErrorCodec.java:167)
at org.openqa.selenium.remote.codec.w3c.W3CHttpResponseCodec.decode(W3CHttpResponseCodec.java:138)
at org.openqa.selenium.remote.codec.w3c.W3CHttpResponseCodec.decode(W3CHttpResponseCodec.java:50)
at org.openqa.selenium.remote.HttpCommandExecutor.execute(HttpCommandExecutor.java:215)
at org.openqa.selenium.remote.service.DriverCommandExecutor.invokeExecute(DriverCommandExecutor.java:216)
at org.openqa.selenium.remote.service.DriverCommandExecutor.lambda$execute$1(DriverCommandExecutor.java:126)
at java.base/java.util.concurrent.CompletableFuture$AsyncSupply.run(CompletableFuture.java:1768)
at java.base/java.util.concurrent.ThreadPoolExecutor.runWorker(ThreadPoolExecutor.java:1136)
at java.base/java.util.concurrent.ThreadPoolExecutor$Worker.run(ThreadPoolExecutor.java:635)
at java.base/java.lang.Thread.run(Thread.java:842)
]]>
            </full-stacktrace>
          </exception> <!-- org.openqa.selenium.NoSuchSessionException -->
          <reporter-output>
          </reporter-output>
        </test-method> <!-- browserclose -->
        <test-method is-config="true" signature="driverQuit(org.testng.ITestResult)[pri:0, instance:testScript.HomeTest@61710c6]" started-at="2025-10-09T11:47:08 IST" name="driverQuit" finished-at="2025-10-09T11:47:08 IST" duration-ms="0" status="PASS">
          <params>
            <param index="0">
              <value>
                <![CDATA[[TestResult name=verifyLogout status=SUCCESS method=HomeTest.verifyLogout()[pri:0, instance:testScript.HomeTest@61710c6] output={null}]]]>
              </value>
            </param>
          </params>
          <reporter-output>
          </reporter-output>
        </test-method> <!-- driverQuit -->
      </class> <!-- testScript.HomeTest -->
    </test> <!-- Firefox Test -->
  </suite> <!-- Cross-Browser Testing -->
</testng-results>
