<?xml version="1.0" encoding="UTF-8"?>
<!-- Generated by org.testng.reporters.JUnitXMLReporter -->
<testsuite ignored="0" hostname="Arunthathi" failures="0" tests="6" name="Default test" time="38.015" errors="0" timestamp="2025-09-22T13:56:49 IST">
  <testcase classname="testScript.LoginTest" name="verifyValidUserNamePasswordLoginCredentials" time="4.065"/>
  <testcase classname="testScript.LoginTest" name="verifyInValidUserNameValidPasswordLoginCredentials" time="1.271"/>
  <testcase classname="testScript.LoginTest" name="verifyValidUserNameInValidPasswordLoginCredentials" time="1.178"/>
  <testcase classname="testScript.LoginTest" name="verifyInValidUserNameInValidPasswordLoginCredentials" time="0.974"/>
  <testcase classname="testScript.LoginTest" name="verifyInValidUserNameInValidPasswordLoginCredentials" time="0.994"/>
  <testcase classname="testScript.LoginTest" name="verifyInValidUserNameInValidPasswordLoginCredentials" time="0.972"/>
</testsuite> <!-- Default test -->
