<?xml version="1.0" encoding="UTF-8"?>
<!-- Generated by org.testng.reporters.JUnitXMLReporter -->
<testsuite ignored="0" hostname="Arunthathi" failures="0" tests="6" name="Default test" time="96.139" errors="0" timestamp="2025-09-30T11:09:20 IST">
  <testcase classname="testScript.LoginTest" name="verifyValidUserNamePasswordLoginCredentials" time="6.78"/>
  <testcase classname="testScript.LoginTest" name="verifyInValidUserNameValidPasswordLoginCredentials" time="2.652"/>
  <testcase classname="testScript.LoginTest" name="verifyValidUserNameInValidPasswordLoginCredentials" time="3.281"/>
  <testcase classname="testScript.LoginTest" name="verifyInValidUserNameInValidPasswordLoginCredentials" time="2.198"/>
  <testcase classname="testScript.LoginTest" name="verifyInValidUserNameInValidPasswordLoginCredentials" time="2.564"/>
  <testcase classname="testScript.LoginTest" name="verifyInValidUserNameInValidPasswordLoginCredentials" time="2.243"/>
</testsuite> <!-- Default test -->
